# JRE version: OpenJDK Runtime Environment (17.0.11) (build 17.0.11+0--11852314)
# Java VM: OpenJDK 64-Bit Server VM (17.0.11+0--11852314, mixed mode, tiered, compressed oops, compressed class ptrs, g1 gc, windows-amd64)
GC Precious Log:
 CPUs: 12 total, 12 available
 Memory: 7583M
 Large Page Support: Disabled
 NUMA Support: Disabled
 Compressed Oops: Enabled (32-bit)
 Heap Region Size: 1M
 Heap Min Capacity: 8M
 Heap Initial Capacity: 120M
 Heap Max Capacity: 1896M
 Pre-touch: Disabled
 Parallel Workers: 10
 Concurrent Workers: 3
 Concurrent Refinement Workers: 10
 Periodic GC: Disabled
Heap:
 garbage-first heap   total 131072K, used 31739K [0x0000000089800000, 0x0000000100000000)
  region size 1024K, 8 young (8192K), 3 survivors (3072K)
 Metaspace       used 46739K, committed 46976K, reserved 1114112K
  class space    used 5620K, committed 5696K, reserved 1048576K
GC Heap History (20 events):
Event: 1.142 GC heap before
{Heap before GC invocations=0 (full 0):
 garbage-first heap   total 122880K, used 27648K [0x0000000089800000, 0x0000000100000000)
  region size 1024K, 23 young (23552K), 0 survivors (0K)
 Metaspace       used 13326K, committed 13504K, reserved 1114112K
  class space    used 1278K, committed 1344K, reserved 1048576K
}
Event: 1.150 GC heap after
{Heap after GC invocations=1 (full 0):
 garbage-first heap   total 122880K, used 7030K [0x0000000089800000, 0x0000000100000000)
  region size 1024K, 3 young (3072K), 3 survivors (3072K)
 Metaspace       used 13326K, committed 13504K, reserved 1114112K
  class space    used 1278K, committed 1344K, reserved 1048576K
}
Event: 2.540 GC heap before
{Heap before GC invocations=1 (full 0):
 garbage-first heap   total 122880K, used 38774K [0x0000000089800000, 0x0000000100000000)
  region size 1024K, 35 young (35840K), 3 survivors (3072K)
 Metaspace       used 21344K, committed 21504K, reserved 1114112K
  class space    used 2323K, committed 2432K, reserved 1048576K
}
Event: 2.565 GC heap after
{Heap after GC invocations=2 (full 0):
 garbage-first heap   total 122880K, used 10463K [0x0000000089800000, 0x0000000100000000)
  region size 1024K, 4 young (4096K), 4 survivors (4096K)
 Metaspace       used 21344K, committed 21504K, reserved 1114112K
  class space    used 2323K, committed 2432K, reserved 1048576K
}
Event: 3.355 GC heap before
{Heap before GC invocations=3 (full 0):
 garbage-first heap   total 40960K, used 32991K [0x0000000089800000, 0x0000000100000000)
  region size 1024K, 23 young (23552K), 4 survivors (4096K)
 Metaspace       used 27127K, committed 27328K, reserved 1114112K
  class space    used 2969K, committed 3072K, reserved 1048576K
}
Event: 3.374 GC heap after
{Heap after GC invocations=4 (full 0):
 garbage-first heap   total 40960K, used 16293K [0x0000000089800000, 0x0000000100000000)
  region size 1024K, 2 young (2048K), 2 survivors (2048K)
 Metaspace       used 27127K, committed 27328K, reserved 1114112K
  class space    used 2969K, committed 3072K, reserved 1048576K
}
Event: 3.417 GC heap before
{Heap before GC invocations=4 (full 0):
 garbage-first heap   total 40960K, used 17317K [0x0000000089800000, 0x0000000100000000)
  region size 1024K, 3 young (3072K), 2 survivors (2048K)
 Metaspace       used 27500K, committed 27776K, reserved 1114112K
  class space    used 3012K, committed 3136K, reserved 1048576K
}
Event: 3.426 GC heap after
{Heap after GC invocations=5 (full 0):
 garbage-first heap   total 40960K, used 16813K [0x0000000089800000, 0x0000000100000000)
  region size 1024K, 1 young (1024K), 1 survivors (1024K)
 Metaspace       used 27500K, committed 27776K, reserved 1114112K
  class space    used 3012K, committed 3136K, reserved 1048576K
}
Event: 4.004 GC heap before
{Heap before GC invocations=5 (full 0):
 garbage-first heap   total 40960K, used 30125K [0x0000000089800000, 0x0000000100000000)
  region size 1024K, 15 young (15360K), 1 survivors (1024K)
 Metaspace       used 31155K, committed 31424K, reserved 1114112K
  class space    used 3770K, committed 3904K, reserved 1048576K
}
Event: 4.012 GC heap after
{Heap after GC invocations=6 (full 0):
 garbage-first heap   total 40960K, used 18392K [0x0000000089800000, 0x0000000100000000)
  region size 1024K, 2 young (2048K), 2 survivors (2048K)
 Metaspace       used 31155K, committed 31424K, reserved 1114112K
  class space    used 3770K, committed 3904K, reserved 1048576K
}
Event: 4.400 GC heap before
{Heap before GC invocations=6 (full 0):
 garbage-first heap   total 40960K, used 33752K [0x0000000089800000, 0x0000000100000000)
  region size 1024K, 15 young (15360K), 2 survivors (2048K)
 Metaspace       used 32411K, committed 32704K, reserved 1114112K
  class space    used 4111K, committed 4224K, reserved 1048576K
}
Event: 4.417 GC heap after
{Heap after GC invocations=7 (full 0):
 garbage-first heap   total 65536K, used 23552K [0x0000000089800000, 0x0000000100000000)
  region size 1024K, 2 young (2048K), 2 survivors (2048K)
 Metaspace       used 32411K, committed 32704K, reserved 1114112K
  class space    used 4111K, committed 4224K, reserved 1048576K
}
Event: 4.928 GC heap before
{Heap before GC invocations=7 (full 0):
 garbage-first heap   total 65536K, used 36864K [0x0000000089800000, 0x0000000100000000)
  region size 1024K, 17 young (17408K), 2 survivors (2048K)
 Metaspace       used 35906K, committed 36096K, reserved 1114112K
  class space    used 4517K, committed 4608K, reserved 1048576K
}
Event: 4.945 GC heap after
{Heap after GC invocations=8 (full 0):
 garbage-first heap   total 65536K, used 25395K [0x0000000089800000, 0x0000000100000000)
  region size 1024K, 4 young (4096K), 4 survivors (4096K)
 Metaspace       used 35906K, committed 36096K, reserved 1114112K
  class space    used 4517K, committed 4608K, reserved 1048576K
}
Event: 5.611 GC heap before
{Heap before GC invocations=9 (full 0):
 garbage-first heap   total 65536K, used 46899K [0x0000000089800000, 0x0000000100000000)
  region size 1024K, 26 young (26624K), 4 survivors (4096K)
 Metaspace       used 40224K, committed 40448K, reserved 1114112K
  class space    used 4946K, committed 5056K, reserved 1048576K
}
Event: 5.632 GC heap after
{Heap after GC invocations=10 (full 0):
 garbage-first heap   total 65536K, used 25349K [0x0000000089800000, 0x0000000100000000)
  region size 1024K, 4 young (4096K), 4 survivors (4096K)
 Metaspace       used 40224K, committed 40448K, reserved 1114112K
  class space    used 4946K, committed 5056K, reserved 1048576K
}
Event: 5.665 GC heap before
{Heap before GC invocations=10 (full 0):
 garbage-first heap   total 65536K, used 25349K [0x0000000089800000, 0x0000000100000000)
  region size 1024K, 5 young (5120K), 4 survivors (4096K)
 Metaspace       used 40478K, committed 40704K, reserved 1114112K
  class space    used 4960K, committed 5056K, reserved 1048576K
}
Event: 5.677 GC heap after
{Heap after GC invocations=11 (full 0):
 garbage-first heap   total 65536K, used 25911K [0x0000000089800000, 0x0000000100000000)
  region size 1024K, 1 young (1024K), 1 survivors (1024K)
 Metaspace       used 40478K, committed 40704K, reserved 1114112K
  class space    used 4960K, committed 5056K, reserved 1048576K
}
Event: 6.603 GC heap before
{Heap before GC invocations=11 (full 0):
 garbage-first heap   total 65536K, used 48439K [0x0000000089800000, 0x0000000100000000)
  region size 1024K, 23 young (23552K), 1 survivors (1024K)
 Metaspace       used 45946K, committed 46208K, reserved 1114112K
  class space    used 5514K, committed 5632K, reserved 1048576K
}
Event: 6.616 GC heap after
{Heap after GC invocations=12 (full 0):
 garbage-first heap   total 131072K, used 27643K [0x0000000089800000, 0x0000000100000000)
  region size 1024K, 3 young (3072K), 3 survivors (3072K)
 Metaspace       used 45946K, committed 46208K, reserved 1114112K
  class space    used 5514K, committed 5632K, reserved 1048576K
}

